<?xml version="1.0" encoding="UTF-8"?>
<!-- Generated by org.testng.reporters.JUnitXMLReporter -->
<testsuite hostname="usern-PC" ignored="0" name="Regression suite 1" tests="3" failures="0" timestamp="01 May 2018 12:21:47 GMT" time="214.127" errors="0">
  <testcase name="goo" time="131.32" classname="demoTestng.New1"/>
  <testcase name="facebook" time="82.319" classname="demoTestng.newtestng"/>
  <testcase name="newtest" time="0.043" classname="demoTestng.newtestng"/>
</testsuite> <!-- Regression suite 1 -->
