<?xml version="1.0" encoding="UTF-8"?>
<testng-results skipped="0" failed="0" ignored="0" total="3" passed="3">
  <reporter-output>
  </reporter-output>
  <suite name="example suite 1" duration-ms="214127" started-at="2018-05-01T12:18:13Z" finished-at="2018-05-01T12:21:47Z">
    <groups>
    </groups>
    <test name="Regression suite 1" duration-ms="214127" started-at="2018-05-01T12:18:13Z" finished-at="2018-05-01T12:21:47Z">
      <class name="demoTestng.newtestng">
        <test-method status="PASS" signature="beforesuite()[pri:0, instance:demoTestng.newtestng@b1ffe6]" name="beforesuite" is-config="true" duration-ms="178" started-at="2018-05-01T12:18:12Z" finished-at="2018-05-01T12:18:13Z">
          <reporter-output>
          </reporter-output>
        </test-method> <!-- beforesuite -->
        <test-method status="PASS" signature="beforetest()[pri:0, instance:demoTestng.newtestng@b1ffe6]" name="beforetest" is-config="true" duration-ms="2" started-at="2018-05-01T12:18:13Z" finished-at="2018-05-01T12:18:13Z">
          <reporter-output>
          </reporter-output>
        </test-method> <!-- beforetest -->
        <test-method status="PASS" signature="beforeclass()[pri:0, instance:demoTestng.newtestng@b1ffe6]" name="beforeclass" is-config="true" duration-ms="3" started-at="2018-05-01T12:20:24Z" finished-at="2018-05-01T12:20:24Z">
          <reporter-output>
          </reporter-output>
        </test-method> <!-- beforeclass -->
        <test-method status="PASS" signature="beforemethod()[pri:0, instance:demoTestng.newtestng@b1ffe6]" name="beforemethod" is-config="true" duration-ms="2" started-at="2018-05-01T12:20:24Z" finished-at="2018-05-01T12:20:24Z">
          <reporter-output>
          </reporter-output>
        </test-method> <!-- beforemethod -->
        <test-method status="PASS" signature="facebook()[pri:0, instance:demoTestng.newtestng@b1ffe6]" name="facebook" duration-ms="82319" started-at="2018-05-01T12:20:24Z" finished-at="2018-05-01T12:21:47Z">
          <reporter-output>
          </reporter-output>
        </test-method> <!-- facebook -->
        <test-method status="PASS" signature="Aftermethod()[pri:0, instance:demoTestng.newtestng@b1ffe6]" name="Aftermethod" is-config="true" duration-ms="1" started-at="2018-05-01T12:21:47Z" finished-at="2018-05-01T12:21:47Z">
          <reporter-output>
          </reporter-output>
        </test-method> <!-- Aftermethod -->
        <test-method status="PASS" signature="beforemethod()[pri:0, instance:demoTestng.newtestng@b1ffe6]" name="beforemethod" is-config="true" duration-ms="1" started-at="2018-05-01T12:21:47Z" finished-at="2018-05-01T12:21:47Z">
          <reporter-output>
          </reporter-output>
        </test-method> <!-- beforemethod -->
        <test-method status="PASS" signature="newtest()[pri:0, instance:demoTestng.newtestng@b1ffe6]" name="newtest" duration-ms="43" started-at="2018-05-01T12:21:47Z" finished-at="2018-05-01T12:21:47Z">
          <reporter-output>
          </reporter-output>
        </test-method> <!-- newtest -->
        <test-method status="PASS" signature="Aftermethod()[pri:0, instance:demoTestng.newtestng@b1ffe6]" name="Aftermethod" is-config="true" duration-ms="2" started-at="2018-05-01T12:21:47Z" finished-at="2018-05-01T12:21:47Z">
          <reporter-output>
          </reporter-output>
        </test-method> <!-- Aftermethod -->
        <test-method status="PASS" signature="aftertest()[pri:0, instance:demoTestng.newtestng@b1ffe6]" name="aftertest" is-config="true" duration-ms="1" started-at="2018-05-01T12:21:47Z" finished-at="2018-05-01T12:21:47Z">
          <reporter-output>
          </reporter-output>
        </test-method> <!-- aftertest -->
        <test-method status="PASS" signature="Aftersuite()[pri:0, instance:demoTestng.newtestng@b1ffe6]" name="Aftersuite" is-config="true" duration-ms="3" started-at="2018-05-01T12:21:47Z" finished-at="2018-05-01T12:21:47Z">
          <reporter-output>
          </reporter-output>
        </test-method> <!-- Aftersuite -->
      </class> <!-- demoTestng.newtestng -->
      <class name="demoTestng.New1">
        <test-method status="PASS" signature="goo()[pri:0, instance:demoTestng.New1@1fc5fb8]" name="goo" duration-ms="131320" started-at="2018-05-01T12:18:13Z" finished-at="2018-05-01T12:20:24Z">
          <reporter-output>
          </reporter-output>
        </test-method> <!-- goo -->
      </class> <!-- demoTestng.New1 -->
    </test> <!-- Regression suite 1 -->
  </suite> <!-- example suite 1 -->
</testng-results>
